[debug] [2020-10-07T21:53:56.579Z] ----------------------------------------------------------------------
[debug] [2020-10-07T21:53:56.581Z] Command:       /usr/local/bin/node /usr/local/bin/firebase init hosting
[debug] [2020-10-07T21:53:56.581Z] CLI Version:   8.12.0
[debug] [2020-10-07T21:53:56.581Z] Platform:      darwin
[debug] [2020-10-07T21:53:56.581Z] Node Version:  v12.18.3
[debug] [2020-10-07T21:53:56.582Z] Time:          Wed Oct 07 2020 16:53:56 GMT-0500 (GMT-05:00)
[debug] [2020-10-07T21:53:56.582Z] ----------------------------------------------------------------------
[debug] [2020-10-07T21:53:56.582Z] 
[debug] [2020-10-07T21:53:56.586Z] > command requires scopes: ["email","openid","https://www.googleapis.com/auth/cloudplatformprojects.readonly","https://www.googleapis.com/auth/firebase","https://www.googleapis.com/auth/cloud-platform"]
[debug] [2020-10-07T21:53:56.586Z] > authorizing via signed-in user
[info] 
     ######## #### ########  ######## ########     ###     ######  ########
     ##        ##  ##     ## ##       ##     ##  ##   ##  ##       ##
     ######    ##  ########  ######   ########  #########  ######  ######
     ##        ##  ##    ##  ##       ##     ## ##     ##       ## ##
     ##       #### ##     ## ######## ########  ##     ##  ######  ########

You're about to initialize a Firebase project in this directory:

  /Users/wvivar1133/Desktop/pruebas/proyectoNext

[info] 
=== Project Setup
[info] 
[info] First, let's associate this project directory with a Firebase project.
[info] You can create multiple project aliases by running firebase use --add, 
[info] but for now we'll just set up a default project.
[info] 
